Using pre-set license
Built from '2020.3/staging' branch; Version is '2020.3.11f1 (99c7afb366b3) revision 10078127'; Using compiler version '192528614'; Build Type 'Release'
OS: 'Windows 10 Pro; OS build 19043.1110; Version 2009; 64bit' Language: 'fr' Physical Memory: 16330 MB
BatchMode: 1, IsHumanControllingUs: 0, StartBugReporterOnCrash: 0, Is64bit: 1, IsPro: 0

 COMMAND LINE ARGUMENTS:
D:\Unity\2020.3.11f1\Editor\Unity.exe
-adb2
-batchMode
-noUpm
-name
AssetImportWorker0
-projectPath
D:/Projets/Unity/Elements 2D
-logFile
Logs/AssetImportWorker0.log
-srvPort
64681
Successfully changed project path to: D:/Projets/Unity/Elements 2D
D:/Projets/Unity/Elements 2D
Using Asset Import Pipeline V2.
Refreshing native plugins compatible for Editor in 51.11 ms, found 3 plugins.
Preloading 0 native plugins for Editor in 0.00 ms.
Initialize engine version: 2020.3.11f1 (99c7afb366b3)
[Subsystems] Discovering subsystems at path D:/Unity/2020.3.11f1/Editor/Data/Resources/UnitySubsystems
[Subsystems] Discovering subsystems at path D:/Projets/Unity/Elements 2D/Assets
GfxDevice: creating device client; threaded=0
Direct3D:
    Version:  Direct3D 11.0 [level 11.1]
    Renderer: NVIDIA GeForce GTX 1060 6GB (ID=0x1c03)
    Vendor:   
    VRAM:     6052 MB
    Driver:   27.21.14.5671
Initialize mono
Mono path[0] = 'D:/Unity/2020.3.11f1/Editor/Data/Managed'
Mono path[1] = 'D:/Unity/2020.3.11f1/Editor/Data/MonoBleedingEdge/lib/mono/unityjit'
Mono config path = 'D:/Unity/2020.3.11f1/Editor/Data/MonoBleedingEdge/etc'
Using monoOptions --debugger-agent=transport=dt_socket,embedding=1,server=y,suspend=n,address=127.0.0.1:56872
Begin MonoManager ReloadAssembly
Registering precompiled unity dll's ...
Register platform support module: D:/Unity/2020.3.11f1/Editor/Data/PlaybackEngines/WebGLSupport/UnityEditor.WebGL.Extensions.dll
Register platform support module: D:/Unity/2020.3.11f1/Editor/Data/PlaybackEngines/MacStandaloneSupport/UnityEditor.OSXStandalone.Extensions.dll
Register platform support module: D:/Unity/2020.3.11f1/Editor/Data/PlaybackEngines/WindowsStandaloneSupport/UnityEditor.WindowsStandalone.Extensions.dll
Registered in 0.002420 seconds.
Native extension for WindowsStandalone target not found
Native extension for OSXStandalone target not found
Native extension for WebGL target not found
Refreshing native plugins compatible for Editor in 57.80 ms, found 3 plugins.
Preloading 0 native plugins for Editor in 0.00 ms.
Mono: successfully reloaded assembly
- Completed reload, in  1.303 seconds
Platform modules already initialized, skipping
Registering precompiled user dll's ...
Registered in 0.003816 seconds.
Begin MonoManager ReloadAssembly
Native extension for WindowsStandalone target not found
Native extension for OSXStandalone target not found
Native extension for WebGL target not found
Refreshing native plugins compatible for Editor in 48.89 ms, found 3 plugins.
Preloading 0 native plugins for Editor in 0.00 ms.
Mono: successfully reloaded assembly
- Completed reload, in  1.422 seconds
Platform modules already initialized, skipping
========================================================================
Worker process is ready to serve import requests
Launched and connected shader compiler UnityShaderCompiler.exe after 0.07 seconds
Refreshing native plugins compatible for Editor in 0.48 ms, found 3 plugins.
Preloading 0 native plugins for Editor in 0.00 ms.
Unloading 2251 Unused Serialized files (Serialized files now loaded: 0)
System memory in use before: 98.6 MB.
System memory in use after: 98.5 MB.

Unloading 34 unused Assets to reduce memory usage. Loaded Objects now: 2685.
Total: 2.780400 ms (FindLiveObjects: 0.207700 ms CreateObjectMapping: 0.083700 ms MarkObjects: 2.321900 ms  DeleteObjects: 0.166000 ms)

========================================================================
Received Import Request.
  path: Assets/Art/Floor/Foret/Herbe&Dalle.png
  artifactKey: Guid(f303c486042684a4f90ada81348706c9) Importer(815301076,1909f56bfc062723c751e8b465ee728b)
Start importing Assets/Art/Floor/Foret/Herbe&Dalle.png using Guid(f303c486042684a4f90ada81348706c9) Importer(815301076,1909f56bfc062723c751e8b465ee728b)  -> (artifact id: 'e3821a695a3709f6e87921c50c94e2a0') in 0.452686 seconds
  Import took 0.457253 seconds .

========================================================================
Received Import Request.
  Time since last request: 34.665247 seconds.
  path: Assets/Art/Floor/Foret/Herbe&Dalle.png
  artifactKey: Guid(f303c486042684a4f90ada81348706c9) Importer(815301076,1909f56bfc062723c751e8b465ee728b)
Start importing Assets/Art/Floor/Foret/Herbe&Dalle.png using Guid(f303c486042684a4f90ada81348706c9) Importer(815301076,1909f56bfc062723c751e8b465ee728b)  -> (artifact id: 'c8e72d43c3cf8536e88799f922e2f3bd') in 0.052264 seconds
  Import took 0.065095 seconds .

========================================================================
Received Import Request.
  Time since last request: 18.795049 seconds.
  path: Assets/Art/Floor/Foret/Herbe&Dalle.png
  artifactKey: Guid(f303c486042684a4f90ada81348706c9) Importer(815301076,1909f56bfc062723c751e8b465ee728b)
Start importing Assets/Art/Floor/Foret/Herbe&Dalle.png using Guid(f303c486042684a4f90ada81348706c9) Importer(815301076,1909f56bfc062723c751e8b465ee728b)  -> (artifact id: '32caafbda0c29ae2b77a2abffb53f5d3') in 0.063863 seconds
  Import took 0.068690 seconds .

========================================================================
Received Import Request.
  Time since last request: 492.996578 seconds.
  path: Assets/Art/Floor/Foret/Herbe&Dalle.png
  artifactKey: Guid(f303c486042684a4f90ada81348706c9) Importer(815301076,1909f56bfc062723c751e8b465ee728b)
Start importing Assets/Art/Floor/Foret/Herbe&Dalle.png using Guid(f303c486042684a4f90ada81348706c9) Importer(815301076,1909f56bfc062723c751e8b465ee728b)  -> (artifact id: 'f66dfbbdd524f145d21b3f6728501438') in 0.059567 seconds
  Import took 0.064701 seconds .

========================================================================
Received Import Request.
  Time since last request: 15.585602 seconds.
  path: Assets/Art/Floor/Foret/Herbe&Dalle.png
  artifactKey: Guid(f303c486042684a4f90ada81348706c9) Importer(815301076,1909f56bfc062723c751e8b465ee728b)
Start importing Assets/Art/Floor/Foret/Herbe&Dalle.png using Guid(f303c486042684a4f90ada81348706c9) Importer(815301076,1909f56bfc062723c751e8b465ee728b)  -> (artifact id: '77c929f0e3e3e8563339f00c62c83200') in 0.159112 seconds
  Import took 0.332082 seconds .

========================================================================
Received Import Request.
  Time since last request: 106.077131 seconds.
  path: Assets/Art/Floor/Foret/Herbe&Dalle.png
  artifactKey: Guid(f303c486042684a4f90ada81348706c9) Importer(815301076,1909f56bfc062723c751e8b465ee728b)
Start importing Assets/Art/Floor/Foret/Herbe&Dalle.png using Guid(f303c486042684a4f90ada81348706c9) Importer(815301076,1909f56bfc062723c751e8b465ee728b)  -> (artifact id: 'd15f71b4f79dcc180f047b9fb0766d14') in 0.185049 seconds
  Import took 0.190843 seconds .

========================================================================
Received Prepare
Registering precompiled user dll's ...
Registered in 0.003416 seconds.
Begin MonoManager ReloadAssembly
Native extension for WindowsStandalone target not found
Native extension for OSXStandalone target not found
Native extension for WebGL target not found
Refreshing native plugins compatible for Editor in 0.88 ms, found 3 plugins.
Preloading 0 native plugins for Editor in 0.00 ms.
Mono: successfully reloaded assembly
- Completed reload, in  1.962 seconds
Platform modules already initialized, skipping
Refreshing native plugins compatible for Editor in 0.50 ms, found 3 plugins.
Preloading 0 native plugins for Editor in 0.00 ms.
Unloading 2244 Unused Serialized files (Serialized files now loaded: 0)
System memory in use before: 101.4 MB.
System memory in use after: 101.4 MB.

Unloading 22 unused Assets to reduce memory usage. Loaded Objects now: 2696.
Total: 2.333800 ms (FindLiveObjects: 0.201500 ms CreateObjectMapping: 0.089800 ms MarkObjects: 1.930300 ms  DeleteObjects: 0.111100 ms)

AssetImportWorkerClient::OnTransportError - code=2 error=End of file
